[debug] [2024-06-26T10:11:29.375Z] ----------------------------------------------------------------------
[debug] [2024-06-26T10:11:29.378Z] Command:       C:\Program Files\nodejs\node.exe C:\Users\tech\AppData\Roaming\npm\node_modules\firebase-tools\lib\bin\firebase.js init
[debug] [2024-06-26T10:11:29.378Z] CLI Version:   13.11.4
[debug] [2024-06-26T10:11:29.378Z] Platform:      win32
[debug] [2024-06-26T10:11:29.378Z] Node Version:  v20.10.0
[debug] [2024-06-26T10:11:29.378Z] Time:          Wed Jun 26 2024 12:11:29 GMT+0200 (czas środkowoeuropejski letni)
[debug] [2024-06-26T10:11:29.378Z] ----------------------------------------------------------------------
[debug] 
[debug] [2024-06-26T10:11:29.384Z] > command requires scopes: ["email","openid","https://www.googleapis.com/auth/cloudplatformprojects.readonly","https://www.googleapis.com/auth/firebase","https://www.googleapis.com/auth/cloud-platform"]
[debug] [2024-06-26T10:11:29.384Z] > authorizing via signed-in user (raszynski.m@gmail.com)
[info] 
     ######## #### ########  ######## ########     ###     ######  ########
     ##        ##  ##     ## ##       ##     ##  ##   ##  ##       ##
     ######    ##  ########  ######   ########  #########  ######  ######
     ##        ##  ##    ##  ##       ##     ## ##     ##       ## ##
     ##       #### ##     ## ######## ########  ##     ##  ######  ########

You're about to initialize a Firebase project in this directory:

  C:\Projects\kamadoor

Before we get started, keep in mind:

  * You are currently outside your home directory

[info] 
=== Project Setup
[info] 
[info] First, let's associate this project directory with a Firebase project.
[info] You can create multiple project aliases by running firebase use --add, 
[info] but for now we'll just set up a default project.
[info] 
[debug] [2024-06-26T10:13:12.810Z] >>> [apiv2][query] GET https://firebase.googleapis.com/v1beta1/projects pageSize=100
[debug] [2024-06-26T10:13:13.336Z] <<< [apiv2][status] GET https://firebase.googleapis.com/v1beta1/projects 200
[debug] [2024-06-26T10:13:13.336Z] <<< [apiv2][body] GET https://firebase.googleapis.com/v1beta1/projects [omitted]
[info] i  Using project kamadoor-27c0c (kamadoor) 
[info] 
=== Hosting Setup
[debug] [2024-06-26T10:13:16.353Z] >>> [apiv2][query] GET https://firebase.googleapis.com/v1beta1/projects/kamadoor-27c0c [none]
[debug] [2024-06-26T10:13:16.665Z] <<< [apiv2][status] GET https://firebase.googleapis.com/v1beta1/projects/kamadoor-27c0c 200
[debug] [2024-06-26T10:13:16.665Z] <<< [apiv2][body] GET https://firebase.googleapis.com/v1beta1/projects/kamadoor-27c0c {"projectId":"kamadoor-27c0c","projectNumber":"740839756860","displayName":"kamadoor","name":"projects/kamadoor-27c0c","resources":{"hostingSite":"kamadoor-27c0c"},"state":"ACTIVE","etag":"1_e39b399c-8e52-4752-a945-8006fbbecb5d"}
[info] 
[info] Your public directory is the folder (relative to your project directory) that
[info] will contain Hosting assets to be uploaded with firebase deploy. If you
[info] have a build process for your assets, use your build's output directory.
[info] 
[info] +  Wrote public/404.html 
[debug] [2024-06-26T10:13:46.558Z] >>> [apiv2][query] GET https://www.gstatic.com/firebasejs/releases.json [none]
[debug] [2024-06-26T10:13:46.625Z] <<< [apiv2][status] GET https://www.gstatic.com/firebasejs/releases.json 200
[debug] [2024-06-26T10:13:46.626Z] <<< [apiv2][body] GET https://www.gstatic.com/firebasejs/releases.json {"current":{"version":"10.12.2","browserURL":"https://www.gstatic.com/firebasejs/10.12.2/firebase.js","packageURL":"https://www.gstatic.com/firebasejs/10.12.2/firebase.tgz"},"live":{"version":"10.12","browserURL":"https://www.gstatic.com/firebasejs/live/10.12/firebase.js","packageURL":"https://www.gstatic.com/firebasejs/live/10.12/firebase.tgz"},"components":{"analytics":"https://www.gstatic.com/firebasejs/10.12.2/firebase-analytics.js","app":"https://www.gstatic.com/firebasejs/10.12.2/firebase-app.js","app-check":"https://www.gstatic.com/firebasejs/10.12.2/firebase-app-check.js","auth":"https://www.gstatic.com/firebasejs/10.12.2/firebase-auth.js","auth/cordova":"https://www.gstatic.com/firebasejs/10.12.2/firebase-auth/cordova.js","auth/web-extension":"https://www.gstatic.com/firebasejs/10.12.2/firebase-auth/web-extension.js","functions":"https://www.gstatic.com/firebasejs/10.12.2/firebase-functions.js","firestore":"https://www.gstatic.com/firebasejs/10.12.2/firebase-firestore.js","firestore/lite":"https://www.gstatic.com/firebasejs/10.12.2/firebase-firestore/lite.js","installations":"https://www.gstatic.com/firebasejs/10.12.2/firebase-installations.js","storage":"https://www.gstatic.com/firebasejs/10.12.2/firebase-storage.js","performance":"https://www.gstatic.com/firebasejs/10.12.2/firebase-performance.js","remote-config":"https://www.gstatic.com/firebasejs/10.12.2/firebase-remote-config.js","messaging":"https://www.gstatic.com/firebasejs/10.12.2/firebase-messaging.js","messaging/sw":"https://www.gstatic.com/firebasejs/10.12.2/firebase-messaging/sw.js","database":"https://www.gstatic.com/firebasejs/10.12.2/firebase-database.js","vertexai-preview":"https://www.gstatic.com/firebasejs/10.12.2/firebase-vertexai-preview.js","firestore.memory":"https://www.gstatic.com/firebasejs/10.12.2/firebase-firestore.memory.js"}}
[info] +  Wrote public/index.html 
[info] 
[info] i  Detected a .git folder at C:\Projects\kamadoor 
[info] i  Authorizing with GitHub to upload your service account to a GitHub repository's secrets store. 
[info] 
[info] Visit this URL on this device to log in:
[info] https://github.com/login/oauth/authorize?client_id=89cf50f02ac6aaed3484&state=356106730&redirect_uri=http%3A%2F%2Flocalhost%3A9005&scope=read%3Auser%20repo%20public_repo
[info] 
[info] Waiting for authentication...
[debug] [2024-06-26T10:13:49.328Z] >>> [apiv2][query] POST https://github.com/login/oauth/access_token [none]
[debug] [2024-06-26T10:13:49.329Z] >>> [apiv2][body] POST https://github.com/login/oauth/access_token [stream]
[debug] [2024-06-26T10:13:49.592Z] <<< [apiv2][status] POST https://github.com/login/oauth/access_token 200
[debug] [2024-06-26T10:13:49.592Z] <<< [apiv2][body] POST https://github.com/login/oauth/access_token {"access_token":"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","token_type":"bearer","scope":"read:user,repo"}
[debug] [2024-06-26T10:13:49.597Z] >>> [apiv2][query] GET https://api.github.com/user [none]
[debug] [2024-06-26T10:13:49.924Z] <<< [apiv2][status] GET https://api.github.com/user 200
[debug] [2024-06-26T10:13:49.925Z] <<< [apiv2][body] GET https://api.github.com/user {"login":"raszynsky","id":79764250,"node_id":"MDQ6VXNlcjc5NzY0MjUw","avatar_url":"https://avatars.githubusercontent.com/u/79764250?v=4","gravatar_id":"","url":"https://api.github.com/users/raszynsky","html_url":"https://github.com/raszynsky","followers_url":"https://api.github.com/users/raszynsky/followers","following_url":"https://api.github.com/users/raszynsky/following{/other_user}","gists_url":"https://api.github.com/users/raszynsky/gists{/gist_id}","starred_url":"https://api.github.com/users/raszynsky/starred{/owner}{/repo}","subscriptions_url":"https://api.github.com/users/raszynsky/subscriptions","organizations_url":"https://api.github.com/users/raszynsky/orgs","repos_url":"https://api.github.com/users/raszynsky/repos","events_url":"https://api.github.com/users/raszynsky/events{/privacy}","received_events_url":"https://api.github.com/users/raszynsky/received_events","type":"User","site_admin":false,"name":null,"company":null,"blog":"","location":null,"email":null,"hireable":null,"bio":null,"twitter_username":null,"public_repos":0,"public_gists":0,"followers":0,"following":0,"created_at":"2021-02-27T18:32:42Z","updated_at":"2024-06-26T07:48:37Z","private_gists":0,"total_private_repos":0,"owned_private_repos":0,"disk_usage":0,"collaborators":0,"two_factor_authentication":false,"plan":{"name":"free","space":976562499,"collaborators":0,"private_repos":10000}}
[info] 
[info] +  Success! Logged into GitHub as raszynsky 
[info] 
